<?xml version="1.0" encoding="UTF-8"?>
<testng-results ignored="0" total="1" passed="1" failed="0" skipped="0">
  <reporter-output>
  </reporter-output>
  <suite started-at="2021-12-01T12:42:19 IST" name="Default suite" finished-at="2021-12-01T12:42:33 IST" duration-ms="13973">
    <groups>
    </groups>
    <test started-at="2021-12-01T12:42:19 IST" name="Default test" finished-at="2021-12-01T12:42:33 IST" duration-ms="13973">
      <class name="TestRunner">
        <test-method signature="login()[pri:0, instance:TestRunner@41c2284a]" started-at="2021-12-01T12:42:19 IST" name="login" finished-at="2021-12-01T12:42:33 IST" duration-ms="13897" status="PASS">
          <reporter-output>
          </reporter-output>
        </test-method> <!-- login -->
      </class> <!-- TestRunner -->
    </test> <!-- Default test -->
  </suite> <!-- Default suite -->
</testng-results>
